c:\users\benjamin\source\repos\tobii_console\tobii_console\release\tobii_console.pch
c:\users\benjamin\source\repos\tobii_console\tobii_console\release\vc141.pdb
c:\users\benjamin\source\repos\tobii_console\tobii_console\release\stdafx.obj
c:\users\benjamin\source\repos\tobii_console\tobii_console\release\tobii_console.obj
c:\users\benjamin\source\repos\tobii_console\tobii_console\release\assemblyinfo.obj
c:\users\benjamin\source\repos\tobii_console\tobii_console\release\.netframework,version=v4.6.1.assemblyattributes.obj
c:\users\benjamin\source\repos\tobii_console\tobii_console\release\.netframework,version=v4.6.1.assemblyattributes.asm
c:\users\benjamin\source\repos\tobii_console\release\tobii_console.exe
c:\users\benjamin\source\repos\tobii_console\release\tobii_console.pdb
c:\users\benjamin\source\repos\tobii_console\tobii_console\release\app.res
c:\users\benjamin\source\repos\tobii_console\tobii_console\release\tobii_console.tlog\cl.command.1.tlog
c:\users\benjamin\source\repos\tobii_console\tobii_console\release\tobii_console.tlog\cl.read.1.tlog
c:\users\benjamin\source\repos\tobii_console\tobii_console\release\tobii_console.tlog\cl.write.1.tlog
c:\users\benjamin\source\repos\tobii_console\tobii_console\release\tobii_console.tlog\link.command.1.tlog
c:\users\benjamin\source\repos\tobii_console\tobii_console\release\tobii_console.tlog\link.read.1.tlog
c:\users\benjamin\source\repos\tobii_console\tobii_console\release\tobii_console.tlog\link.write.1.tlog
c:\users\benjamin\source\repos\tobii_console\tobii_console\release\tobii_console.tlog\metagen.read.1.tlog
c:\users\benjamin\source\repos\tobii_console\tobii_console\release\tobii_console.tlog\metagen.write.1.tlog
c:\users\benjamin\source\repos\tobii_console\tobii_console\release\tobii_console.tlog\rc.command.1.tlog
c:\users\benjamin\source\repos\tobii_console\tobii_console\release\tobii_console.tlog\rc.read.1.tlog
c:\users\benjamin\source\repos\tobii_console\tobii_console\release\tobii_console.tlog\rc.write.1.tlog
c:\users\benjamin\source\repos\tobii_console\tobii_console\release\tobii_console.tlog\tzres.dll.bi
