c:\users\benjamin\source\repos\tobii_console\tobii_console\debug\tobii_console.pch
c:\users\benjamin\source\repos\tobii_console\tobii_console\debug\vc141.pdb
c:\users\benjamin\source\repos\tobii_console\tobii_console\debug\stdafx.obj
c:\users\benjamin\source\repos\tobii_console\tobii_console\debug\assemblyinfo.obj
c:\users\benjamin\source\repos\tobii_console\tobii_console\debug\.netframework,version=v4.6.1.assemblyattributes.obj
c:\users\benjamin\source\repos\tobii_console\tobii_console\debug\.netframework,version=v4.6.1.assemblyattributes.asm
c:\users\benjamin\source\repos\tobii_console\tobii_console\debug\tobii_console.obj
c:\users\benjamin\source\repos\tobii_console\tobii_console\debug\app.res
c:\users\benjamin\source\repos\tobii_console\tobii_console\debug\tobii_console.vcxprojresolveassemblyreference.cache
c:\users\benjamin\source\repos\tobii_console\debug\tobii_console.pdb
c:\users\benjamin\source\repos\tobii_console\tobii_console\debug\tobii_console.tlog\cl.command.1.tlog
c:\users\benjamin\source\repos\tobii_console\tobii_console\debug\tobii_console.tlog\cl.read.1.tlog
c:\users\benjamin\source\repos\tobii_console\tobii_console\debug\tobii_console.tlog\cl.write.1.tlog
c:\users\benjamin\source\repos\tobii_console\tobii_console\debug\tobii_console.tlog\link.6328-cvtres.read.1.tlog
c:\users\benjamin\source\repos\tobii_console\tobii_console\debug\tobii_console.tlog\link.6328-cvtres.write.1.tlog
c:\users\benjamin\source\repos\tobii_console\tobii_console\debug\tobii_console.tlog\link.6328-rc.read.1.tlog
c:\users\benjamin\source\repos\tobii_console\tobii_console\debug\tobii_console.tlog\link.6328-rc.write.1.tlog
c:\users\benjamin\source\repos\tobii_console\tobii_console\debug\tobii_console.tlog\link.6328.read.1.tlog
c:\users\benjamin\source\repos\tobii_console\tobii_console\debug\tobii_console.tlog\link.6328.write.1.tlog
c:\users\benjamin\source\repos\tobii_console\tobii_console\debug\tobii_console.tlog\link.command.1.tlog
c:\users\benjamin\source\repos\tobii_console\tobii_console\debug\tobii_console.tlog\link.read.1.tlog
c:\users\benjamin\source\repos\tobii_console\tobii_console\debug\tobii_console.tlog\link.write.1.tlog
c:\users\benjamin\source\repos\tobii_console\tobii_console\debug\tobii_console.tlog\metagen.read.1.tlog
c:\users\benjamin\source\repos\tobii_console\tobii_console\debug\tobii_console.tlog\metagen.write.1.tlog
c:\users\benjamin\source\repos\tobii_console\tobii_console\debug\tobii_console.tlog\rc.command.1.tlog
c:\users\benjamin\source\repos\tobii_console\tobii_console\debug\tobii_console.tlog\rc.read.1.tlog
c:\users\benjamin\source\repos\tobii_console\tobii_console\debug\tobii_console.tlog\rc.write.1.tlog
c:\users\benjamin\source\repos\tobii_console\tobii_console\debug\tobii_console.tlog\tzres.dll.bi
